  projekt4.cpp
C:\Users\sophi\Desktop\materiały\rok1\pop\projekt 4\projekt 4\projekt4.cpp(129,12): warning C4244: "argument": konwersja z "time_t" do "unsigned int", możliwa utrata danych
C:\Users\sophi\Desktop\materiały\rok1\pop\projekt 4\projekt 4\projekt4.cpp(168,44): warning C4244: "argument": konwersja z "int" do "Gdiplus::REAL", możliwa utrata danych
C:\Users\sophi\Desktop\materiały\rok1\pop\projekt 4\projekt 4\projekt4.cpp(168,26): warning C4244: "argument": konwersja z "int" do "Gdiplus::REAL", możliwa utrata danych
C:\Users\sophi\Desktop\materiały\rok1\pop\projekt 4\projekt 4\projekt4.cpp(169,68): warning C4244: "argument": konwersja z "int" do "Gdiplus::REAL", możliwa utrata danych
C:\Users\sophi\Desktop\materiały\rok1\pop\projekt 4\projekt 4\projekt4.cpp(169,29): warning C4244: "argument": konwersja z "int" do "Gdiplus::REAL", możliwa utrata danych
C:\Users\sophi\Desktop\materiały\rok1\pop\projekt 4\projekt 4\projekt4.cpp(170,71): warning C4244: "argument": konwersja z "int" do "Gdiplus::REAL", możliwa utrata danych
C:\Users\sophi\Desktop\materiały\rok1\pop\projekt 4\projekt 4\projekt4.cpp(170,29): warning C4244: "argument": konwersja z "int" do "Gdiplus::REAL", możliwa utrata danych
C:\Users\sophi\Desktop\materiały\rok1\pop\projekt 4\projekt 4\projekt4.cpp(171,47): warning C4244: "argument": konwersja z "int" do "Gdiplus::REAL", możliwa utrata danych
C:\Users\sophi\Desktop\materiały\rok1\pop\projekt 4\projekt 4\projekt4.cpp(171,26): warning C4244: "argument": konwersja z "int" do "Gdiplus::REAL", możliwa utrata danych
C:\Users\sophi\Desktop\materiały\rok1\pop\projekt 4\projekt 4\projekt4.cpp(215,44): warning C4244: "argument": konwersja z "int" do "Gdiplus::REAL", możliwa utrata danych
C:\Users\sophi\Desktop\materiały\rok1\pop\projekt 4\projekt 4\projekt4.cpp(215,26): warning C4244: "argument": konwersja z "int" do "Gdiplus::REAL", możliwa utrata danych
C:\Users\sophi\Desktop\materiały\rok1\pop\projekt 4\projekt 4\projekt4.cpp(216,71): warning C4244: "argument": konwersja z "int" do "Gdiplus::REAL", możliwa utrata danych
C:\Users\sophi\Desktop\materiały\rok1\pop\projekt 4\projekt 4\projekt4.cpp(216,29): warning C4244: "argument": konwersja z "int" do "Gdiplus::REAL", możliwa utrata danych
C:\Users\sophi\Desktop\materiały\rok1\pop\projekt 4\projekt 4\projekt4.cpp(217,68): warning C4244: "argument": konwersja z "int" do "Gdiplus::REAL", możliwa utrata danych
C:\Users\sophi\Desktop\materiały\rok1\pop\projekt 4\projekt 4\projekt4.cpp(217,29): warning C4244: "argument": konwersja z "int" do "Gdiplus::REAL", możliwa utrata danych
C:\Users\sophi\Desktop\materiały\rok1\pop\projekt 4\projekt 4\projekt4.cpp(292,25): warning C4244: "argument": konwersja z "int" do "Gdiplus::REAL", możliwa utrata danych
C:\Users\sophi\Desktop\materiały\rok1\pop\projekt 4\projekt 4\projekt4.cpp(292,13): warning C4244: "argument": konwersja z "int" do "Gdiplus::REAL", możliwa utrata danych
C:\Users\sophi\Desktop\materiały\rok1\pop\projekt 4\projekt 4\projekt4.cpp(293,25): warning C4244: "argument": konwersja z "int" do "Gdiplus::REAL", możliwa utrata danych
C:\Users\sophi\Desktop\materiały\rok1\pop\projekt 4\projekt 4\projekt4.cpp(293,13): warning C4244: "argument": konwersja z "int" do "Gdiplus::REAL", możliwa utrata danych
C:\Users\sophi\Desktop\materiały\rok1\pop\projekt 4\projekt 4\projekt4.cpp(294,25): warning C4244: "argument": konwersja z "int" do "Gdiplus::REAL", możliwa utrata danych
C:\Users\sophi\Desktop\materiały\rok1\pop\projekt 4\projekt 4\projekt4.cpp(294,13): warning C4244: "argument": konwersja z "int" do "Gdiplus::REAL", możliwa utrata danych
C:\Users\sophi\Desktop\materiały\rok1\pop\projekt 4\projekt 4\projekt4.cpp(295,25): warning C4244: "argument": konwersja z "int" do "Gdiplus::REAL", możliwa utrata danych
C:\Users\sophi\Desktop\materiały\rok1\pop\projekt 4\projekt 4\projekt4.cpp(295,13): warning C4244: "argument": konwersja z "int" do "Gdiplus::REAL", możliwa utrata danych
C:\Users\sophi\Desktop\materiały\rok1\pop\projekt 4\projekt 4\projekt4.cpp(301,31): warning C4244: "argument": konwersja z "int" do "Gdiplus::REAL", możliwa utrata danych
C:\Users\sophi\Desktop\materiały\rok1\pop\projekt 4\projekt 4\projekt4.cpp(301,20): warning C4244: "argument": konwersja z "int" do "Gdiplus::REAL", możliwa utrata danych
C:\Users\sophi\Desktop\materiały\rok1\pop\projekt 4\projekt 4\projekt4.cpp(302,48): warning C4244: "argument": konwersja z "int" do "Gdiplus::REAL", możliwa utrata danych
C:\Users\sophi\Desktop\materiały\rok1\pop\projekt 4\projekt 4\projekt4.cpp(302,23): warning C4244: "argument": konwersja z "int" do "Gdiplus::REAL", możliwa utrata danych
C:\Users\sophi\Desktop\materiały\rok1\pop\projekt 4\projekt 4\projekt4.cpp(303,51): warning C4244: "argument": konwersja z "int" do "Gdiplus::REAL", możliwa utrata danych
C:\Users\sophi\Desktop\materiały\rok1\pop\projekt 4\projekt 4\projekt4.cpp(303,23): warning C4244: "argument": konwersja z "int" do "Gdiplus::REAL", możliwa utrata danych
C:\Users\sophi\Desktop\materiały\rok1\pop\projekt 4\projekt 4\projekt4.cpp(304,34): warning C4244: "argument": konwersja z "int" do "Gdiplus::REAL", możliwa utrata danych
C:\Users\sophi\Desktop\materiały\rok1\pop\projekt 4\projekt 4\projekt4.cpp(304,20): warning C4244: "argument": konwersja z "int" do "Gdiplus::REAL", możliwa utrata danych
C:\Users\sophi\Desktop\materiały\rok1\pop\projekt 4\projekt 4\projekt4.cpp(350,25): warning C4244: "argument": konwersja z "int" do "Gdiplus::REAL", możliwa utrata danych
C:\Users\sophi\Desktop\materiały\rok1\pop\projekt 4\projekt 4\projekt4.cpp(350,13): warning C4244: "argument": konwersja z "int" do "Gdiplus::REAL", możliwa utrata danych
C:\Users\sophi\Desktop\materiały\rok1\pop\projekt 4\projekt 4\projekt4.cpp(351,25): warning C4244: "argument": konwersja z "int" do "Gdiplus::REAL", możliwa utrata danych
C:\Users\sophi\Desktop\materiały\rok1\pop\projekt 4\projekt 4\projekt4.cpp(351,13): warning C4244: "argument": konwersja z "int" do "Gdiplus::REAL", możliwa utrata danych
C:\Users\sophi\Desktop\materiały\rok1\pop\projekt 4\projekt 4\projekt4.cpp(352,25): warning C4244: "argument": konwersja z "int" do "Gdiplus::REAL", możliwa utrata danych
C:\Users\sophi\Desktop\materiały\rok1\pop\projekt 4\projekt 4\projekt4.cpp(352,13): warning C4244: "argument": konwersja z "int" do "Gdiplus::REAL", możliwa utrata danych
C:\Users\sophi\Desktop\materiały\rok1\pop\projekt 4\projekt 4\projekt4.cpp(353,25): warning C4244: "argument": konwersja z "int" do "Gdiplus::REAL", możliwa utrata danych
C:\Users\sophi\Desktop\materiały\rok1\pop\projekt 4\projekt 4\projekt4.cpp(353,13): warning C4244: "argument": konwersja z "int" do "Gdiplus::REAL", możliwa utrata danych
C:\Users\sophi\Desktop\materiały\rok1\pop\projekt 4\projekt 4\projekt4.cpp(373,31): warning C4244: "argument": konwersja z "int" do "Gdiplus::REAL", możliwa utrata danych
C:\Users\sophi\Desktop\materiały\rok1\pop\projekt 4\projekt 4\projekt4.cpp(373,20): warning C4244: "argument": konwersja z "int" do "Gdiplus::REAL", możliwa utrata danych
C:\Users\sophi\Desktop\materiały\rok1\pop\projekt 4\projekt 4\projekt4.cpp(374,48): warning C4244: "argument": konwersja z "int" do "Gdiplus::REAL", możliwa utrata danych
C:\Users\sophi\Desktop\materiały\rok1\pop\projekt 4\projekt 4\projekt4.cpp(374,23): warning C4244: "argument": konwersja z "int" do "Gdiplus::REAL", możliwa utrata danych
C:\Users\sophi\Desktop\materiały\rok1\pop\projekt 4\projekt 4\projekt4.cpp(375,51): warning C4244: "argument": konwersja z "int" do "Gdiplus::REAL", możliwa utrata danych
C:\Users\sophi\Desktop\materiały\rok1\pop\projekt 4\projekt 4\projekt4.cpp(375,23): warning C4244: "argument": konwersja z "int" do "Gdiplus::REAL", możliwa utrata danych
C:\Users\sophi\Desktop\materiały\rok1\pop\projekt 4\projekt 4\projekt4.cpp(376,34): warning C4244: "argument": konwersja z "int" do "Gdiplus::REAL", możliwa utrata danych
C:\Users\sophi\Desktop\materiały\rok1\pop\projekt 4\projekt 4\projekt4.cpp(376,20): warning C4244: "argument": konwersja z "int" do "Gdiplus::REAL", możliwa utrata danych
C:\Users\sophi\Desktop\materiały\rok1\pop\projekt 4\projekt 4\projekt4.cpp(380,34): warning C4244: "argument": konwersja z "int" do "Gdiplus::REAL", możliwa utrata danych
C:\Users\sophi\Desktop\materiały\rok1\pop\projekt 4\projekt 4\projekt4.cpp(380,20): warning C4244: "argument": konwersja z "int" do "Gdiplus::REAL", możliwa utrata danych
C:\Users\sophi\Desktop\materiały\rok1\pop\projekt 4\projekt 4\projekt4.cpp(381,51): warning C4244: "argument": konwersja z "int" do "Gdiplus::REAL", możliwa utrata danych
C:\Users\sophi\Desktop\materiały\rok1\pop\projekt 4\projekt 4\projekt4.cpp(381,23): warning C4244: "argument": konwersja z "int" do "Gdiplus::REAL", możliwa utrata danych
C:\Users\sophi\Desktop\materiały\rok1\pop\projekt 4\projekt 4\projekt4.cpp(382,68): warning C4244: "argument": konwersja z "int" do "Gdiplus::REAL", możliwa utrata danych
C:\Users\sophi\Desktop\materiały\rok1\pop\projekt 4\projekt 4\projekt4.cpp(382,23): warning C4244: "argument": konwersja z "int" do "Gdiplus::REAL", możliwa utrata danych
C:\Users\sophi\Desktop\materiały\rok1\pop\projekt 4\projekt 4\projekt4.cpp(383,51): warning C4244: "argument": konwersja z "int" do "Gdiplus::REAL", możliwa utrata danych
C:\Users\sophi\Desktop\materiały\rok1\pop\projekt 4\projekt 4\projekt4.cpp(383,20): warning C4244: "argument": konwersja z "int" do "Gdiplus::REAL", możliwa utrata danych
C:\Users\sophi\Desktop\materiały\rok1\pop\projekt 4\projekt 4\projekt4.cpp(403,25): warning C4244: "argument": konwersja z "int" do "Gdiplus::REAL", możliwa utrata danych
C:\Users\sophi\Desktop\materiały\rok1\pop\projekt 4\projekt 4\projekt4.cpp(403,13): warning C4244: "argument": konwersja z "int" do "Gdiplus::REAL", możliwa utrata danych
C:\Users\sophi\Desktop\materiały\rok1\pop\projekt 4\projekt 4\projekt4.cpp(404,25): warning C4244: "argument": konwersja z "int" do "Gdiplus::REAL", możliwa utrata danych
C:\Users\sophi\Desktop\materiały\rok1\pop\projekt 4\projekt 4\projekt4.cpp(404,13): warning C4244: "argument": konwersja z "int" do "Gdiplus::REAL", możliwa utrata danych
C:\Users\sophi\Desktop\materiały\rok1\pop\projekt 4\projekt 4\projekt4.cpp(405,25): warning C4244: "argument": konwersja z "int" do "Gdiplus::REAL", możliwa utrata danych
C:\Users\sophi\Desktop\materiały\rok1\pop\projekt 4\projekt 4\projekt4.cpp(405,13): warning C4244: "argument": konwersja z "int" do "Gdiplus::REAL", możliwa utrata danych
C:\Users\sophi\Desktop\materiały\rok1\pop\projekt 4\projekt 4\projekt4.cpp(406,25): warning C4244: "argument": konwersja z "int" do "Gdiplus::REAL", możliwa utrata danych
C:\Users\sophi\Desktop\materiały\rok1\pop\projekt 4\projekt 4\projekt4.cpp(406,13): warning C4244: "argument": konwersja z "int" do "Gdiplus::REAL", możliwa utrata danych
C:\Users\sophi\Desktop\materiały\rok1\pop\projekt 4\projekt 4\projekt4.cpp(457,26): warning C4244: "argument": konwersja z "int" do "Gdiplus::REAL", możliwa utrata danych
C:\Users\sophi\Desktop\materiały\rok1\pop\projekt 4\projekt 4\projekt4.cpp(457,14): warning C4244: "argument": konwersja z "int" do "Gdiplus::REAL", możliwa utrata danych
C:\Users\sophi\Desktop\materiały\rok1\pop\projekt 4\projekt 4\projekt4.cpp(458,26): warning C4244: "argument": konwersja z "int" do "Gdiplus::REAL", możliwa utrata danych
C:\Users\sophi\Desktop\materiały\rok1\pop\projekt 4\projekt 4\projekt4.cpp(458,14): warning C4244: "argument": konwersja z "int" do "Gdiplus::REAL", możliwa utrata danych
C:\Users\sophi\Desktop\materiały\rok1\pop\projekt 4\projekt 4\projekt4.cpp(459,26): warning C4244: "argument": konwersja z "int" do "Gdiplus::REAL", możliwa utrata danych
C:\Users\sophi\Desktop\materiały\rok1\pop\projekt 4\projekt 4\projekt4.cpp(459,14): warning C4244: "argument": konwersja z "int" do "Gdiplus::REAL", możliwa utrata danych
C:\Users\sophi\Desktop\materiały\rok1\pop\projekt 4\projekt 4\projekt4.cpp(460,26): warning C4244: "argument": konwersja z "int" do "Gdiplus::REAL", możliwa utrata danych
C:\Users\sophi\Desktop\materiały\rok1\pop\projekt 4\projekt 4\projekt4.cpp(460,14): warning C4244: "argument": konwersja z "int" do "Gdiplus::REAL", możliwa utrata danych
C:\Users\sophi\Desktop\materiały\rok1\pop\projekt 4\projekt 4\projekt4.cpp(464,31): warning C4244: "argument": konwersja z "int" do "Gdiplus::REAL", możliwa utrata danych
C:\Users\sophi\Desktop\materiały\rok1\pop\projekt 4\projekt 4\projekt4.cpp(464,20): warning C4244: "argument": konwersja z "int" do "Gdiplus::REAL", możliwa utrata danych
C:\Users\sophi\Desktop\materiały\rok1\pop\projekt 4\projekt 4\projekt4.cpp(465,48): warning C4244: "argument": konwersja z "int" do "Gdiplus::REAL", możliwa utrata danych
C:\Users\sophi\Desktop\materiały\rok1\pop\projekt 4\projekt 4\projekt4.cpp(465,23): warning C4244: "argument": konwersja z "int" do "Gdiplus::REAL", możliwa utrata danych
C:\Users\sophi\Desktop\materiały\rok1\pop\projekt 4\projekt 4\projekt4.cpp(466,51): warning C4244: "argument": konwersja z "int" do "Gdiplus::REAL", możliwa utrata danych
C:\Users\sophi\Desktop\materiały\rok1\pop\projekt 4\projekt 4\projekt4.cpp(466,23): warning C4244: "argument": konwersja z "int" do "Gdiplus::REAL", możliwa utrata danych
C:\Users\sophi\Desktop\materiały\rok1\pop\projekt 4\projekt 4\projekt4.cpp(467,34): warning C4244: "argument": konwersja z "int" do "Gdiplus::REAL", możliwa utrata danych
C:\Users\sophi\Desktop\materiały\rok1\pop\projekt 4\projekt 4\projekt4.cpp(467,20): warning C4244: "argument": konwersja z "int" do "Gdiplus::REAL", możliwa utrata danych
C:\Users\sophi\Desktop\materiały\rok1\pop\projekt 4\projekt 4\projekt4.cpp(480,38): warning C4244: "argument": konwersja z "int" do "Gdiplus::REAL", możliwa utrata danych
C:\Users\sophi\Desktop\materiały\rok1\pop\projekt 4\projekt 4\projekt4.cpp(480,25): warning C4244: "argument": konwersja z "int" do "Gdiplus::REAL", możliwa utrata danych
C:\Users\sophi\Desktop\materiały\rok1\pop\projekt 4\projekt 4\projekt4.cpp(481,55): warning C4244: "argument": konwersja z "int" do "Gdiplus::REAL", możliwa utrata danych
C:\Users\sophi\Desktop\materiały\rok1\pop\projekt 4\projekt 4\projekt4.cpp(481,30): warning C4244: "argument": konwersja z "int" do "Gdiplus::REAL", możliwa utrata danych
C:\Users\sophi\Desktop\materiały\rok1\pop\projekt 4\projekt 4\projekt4.cpp(482,58): warning C4244: "argument": konwersja z "int" do "Gdiplus::REAL", możliwa utrata danych
C:\Users\sophi\Desktop\materiały\rok1\pop\projekt 4\projekt 4\projekt4.cpp(482,30): warning C4244: "argument": konwersja z "int" do "Gdiplus::REAL", możliwa utrata danych
C:\Users\sophi\Desktop\materiały\rok1\pop\projekt 4\projekt 4\projekt4.cpp(483,41): warning C4244: "argument": konwersja z "int" do "Gdiplus::REAL", możliwa utrata danych
C:\Users\sophi\Desktop\materiały\rok1\pop\projekt 4\projekt 4\projekt4.cpp(483,25): warning C4244: "argument": konwersja z "int" do "Gdiplus::REAL", możliwa utrata danych
C:\Users\sophi\Desktop\materiały\rok1\pop\projekt 4\projekt 4\projekt4.cpp(496,38): warning C4244: "argument": konwersja z "int" do "Gdiplus::REAL", możliwa utrata danych
C:\Users\sophi\Desktop\materiały\rok1\pop\projekt 4\projekt 4\projekt4.cpp(496,25): warning C4244: "argument": konwersja z "int" do "Gdiplus::REAL", możliwa utrata danych
C:\Users\sophi\Desktop\materiały\rok1\pop\projekt 4\projekt 4\projekt4.cpp(497,55): warning C4244: "argument": konwersja z "int" do "Gdiplus::REAL", możliwa utrata danych
C:\Users\sophi\Desktop\materiały\rok1\pop\projekt 4\projekt 4\projekt4.cpp(497,30): warning C4244: "argument": konwersja z "int" do "Gdiplus::REAL", możliwa utrata danych
C:\Users\sophi\Desktop\materiały\rok1\pop\projekt 4\projekt 4\projekt4.cpp(498,58): warning C4244: "argument": konwersja z "int" do "Gdiplus::REAL", możliwa utrata danych
C:\Users\sophi\Desktop\materiały\rok1\pop\projekt 4\projekt 4\projekt4.cpp(498,30): warning C4244: "argument": konwersja z "int" do "Gdiplus::REAL", możliwa utrata danych
C:\Users\sophi\Desktop\materiały\rok1\pop\projekt 4\projekt 4\projekt4.cpp(499,41): warning C4244: "argument": konwersja z "int" do "Gdiplus::REAL", możliwa utrata danych
C:\Users\sophi\Desktop\materiały\rok1\pop\projekt 4\projekt 4\projekt4.cpp(499,25): warning C4244: "argument": konwersja z "int" do "Gdiplus::REAL", możliwa utrata danych
C:\Users\sophi\Desktop\materiały\rok1\pop\projekt 4\projekt 4\projekt4.cpp(517,25): warning C4244: "argument": konwersja z "int" do "Gdiplus::REAL", możliwa utrata danych
C:\Users\sophi\Desktop\materiały\rok1\pop\projekt 4\projekt 4\projekt4.cpp(517,13): warning C4244: "argument": konwersja z "int" do "Gdiplus::REAL", możliwa utrata danych
C:\Users\sophi\Desktop\materiały\rok1\pop\projekt 4\projekt 4\projekt4.cpp(518,25): warning C4244: "argument": konwersja z "int" do "Gdiplus::REAL", możliwa utrata danych
C:\Users\sophi\Desktop\materiały\rok1\pop\projekt 4\projekt 4\projekt4.cpp(518,13): warning C4244: "argument": konwersja z "int" do "Gdiplus::REAL", możliwa utrata danych
C:\Users\sophi\Desktop\materiały\rok1\pop\projekt 4\projekt 4\projekt4.cpp(519,25): warning C4244: "argument": konwersja z "int" do "Gdiplus::REAL", możliwa utrata danych
C:\Users\sophi\Desktop\materiały\rok1\pop\projekt 4\projekt 4\projekt4.cpp(519,13): warning C4244: "argument": konwersja z "int" do "Gdiplus::REAL", możliwa utrata danych
C:\Users\sophi\Desktop\materiały\rok1\pop\projekt 4\projekt 4\projekt4.cpp(520,25): warning C4244: "argument": konwersja z "int" do "Gdiplus::REAL", możliwa utrata danych
C:\Users\sophi\Desktop\materiały\rok1\pop\projekt 4\projekt 4\projekt4.cpp(520,13): warning C4244: "argument": konwersja z "int" do "Gdiplus::REAL", możliwa utrata danych
C:\Users\sophi\Desktop\materiały\rok1\pop\projekt 4\projekt 4\projekt4.cpp(524,30): warning C4244: "argument": konwersja z "int" do "Gdiplus::REAL", możliwa utrata danych
C:\Users\sophi\Desktop\materiały\rok1\pop\projekt 4\projekt 4\projekt4.cpp(524,19): warning C4244: "argument": konwersja z "int" do "Gdiplus::REAL", możliwa utrata danych
C:\Users\sophi\Desktop\materiały\rok1\pop\projekt 4\projekt 4\projekt4.cpp(525,47): warning C4244: "argument": konwersja z "int" do "Gdiplus::REAL", możliwa utrata danych
C:\Users\sophi\Desktop\materiały\rok1\pop\projekt 4\projekt 4\projekt4.cpp(525,22): warning C4244: "argument": konwersja z "int" do "Gdiplus::REAL", możliwa utrata danych
C:\Users\sophi\Desktop\materiały\rok1\pop\projekt 4\projekt 4\projekt4.cpp(526,50): warning C4244: "argument": konwersja z "int" do "Gdiplus::REAL", możliwa utrata danych
C:\Users\sophi\Desktop\materiały\rok1\pop\projekt 4\projekt 4\projekt4.cpp(526,22): warning C4244: "argument": konwersja z "int" do "Gdiplus::REAL", możliwa utrata danych
C:\Users\sophi\Desktop\materiały\rok1\pop\projekt 4\projekt 4\projekt4.cpp(527,33): warning C4244: "argument": konwersja z "int" do "Gdiplus::REAL", możliwa utrata danych
C:\Users\sophi\Desktop\materiały\rok1\pop\projekt 4\projekt 4\projekt4.cpp(527,19): warning C4244: "argument": konwersja z "int" do "Gdiplus::REAL", możliwa utrata danych
C:\Users\sophi\Desktop\materiały\rok1\pop\projekt 4\projekt 4\projekt4.cpp(549,25): warning C4244: "argument": konwersja z "int" do "Gdiplus::REAL", możliwa utrata danych
C:\Users\sophi\Desktop\materiały\rok1\pop\projekt 4\projekt 4\projekt4.cpp(549,13): warning C4244: "argument": konwersja z "int" do "Gdiplus::REAL", możliwa utrata danych
C:\Users\sophi\Desktop\materiały\rok1\pop\projekt 4\projekt 4\projekt4.cpp(550,25): warning C4244: "argument": konwersja z "int" do "Gdiplus::REAL", możliwa utrata danych
C:\Users\sophi\Desktop\materiały\rok1\pop\projekt 4\projekt 4\projekt4.cpp(550,13): warning C4244: "argument": konwersja z "int" do "Gdiplus::REAL", możliwa utrata danych
C:\Users\sophi\Desktop\materiały\rok1\pop\projekt 4\projekt 4\projekt4.cpp(551,25): warning C4244: "argument": konwersja z "int" do "Gdiplus::REAL", możliwa utrata danych
C:\Users\sophi\Desktop\materiały\rok1\pop\projekt 4\projekt 4\projekt4.cpp(551,13): warning C4244: "argument": konwersja z "int" do "Gdiplus::REAL", możliwa utrata danych
C:\Users\sophi\Desktop\materiały\rok1\pop\projekt 4\projekt 4\projekt4.cpp(552,25): warning C4244: "argument": konwersja z "int" do "Gdiplus::REAL", możliwa utrata danych
C:\Users\sophi\Desktop\materiały\rok1\pop\projekt 4\projekt 4\projekt4.cpp(552,13): warning C4244: "argument": konwersja z "int" do "Gdiplus::REAL", możliwa utrata danych
C:\Users\sophi\Desktop\materiały\rok1\pop\projekt 4\projekt 4\projekt4.cpp(562,31): warning C4244: "argument": konwersja z "int" do "Gdiplus::REAL", możliwa utrata danych
C:\Users\sophi\Desktop\materiały\rok1\pop\projekt 4\projekt 4\projekt4.cpp(562,20): warning C4244: "argument": konwersja z "int" do "Gdiplus::REAL", możliwa utrata danych
C:\Users\sophi\Desktop\materiały\rok1\pop\projekt 4\projekt 4\projekt4.cpp(563,48): warning C4244: "argument": konwersja z "int" do "Gdiplus::REAL", możliwa utrata danych
C:\Users\sophi\Desktop\materiały\rok1\pop\projekt 4\projekt 4\projekt4.cpp(563,23): warning C4244: "argument": konwersja z "int" do "Gdiplus::REAL", możliwa utrata danych
C:\Users\sophi\Desktop\materiały\rok1\pop\projekt 4\projekt 4\projekt4.cpp(564,51): warning C4244: "argument": konwersja z "int" do "Gdiplus::REAL", możliwa utrata danych
C:\Users\sophi\Desktop\materiały\rok1\pop\projekt 4\projekt 4\projekt4.cpp(564,23): warning C4244: "argument": konwersja z "int" do "Gdiplus::REAL", możliwa utrata danych
C:\Users\sophi\Desktop\materiały\rok1\pop\projekt 4\projekt 4\projekt4.cpp(565,34): warning C4244: "argument": konwersja z "int" do "Gdiplus::REAL", możliwa utrata danych
C:\Users\sophi\Desktop\materiały\rok1\pop\projekt 4\projekt 4\projekt4.cpp(565,20): warning C4244: "argument": konwersja z "int" do "Gdiplus::REAL", możliwa utrata danych
C:\Users\sophi\Desktop\materiały\rok1\pop\projekt 4\projekt 4\projekt4.cpp(586,43): warning C4244: "argument": konwersja z "int" do "Gdiplus::REAL", możliwa utrata danych
C:\Users\sophi\Desktop\materiały\rok1\pop\projekt 4\projekt 4\projekt4.cpp(586,27): warning C4244: "argument": konwersja z "int" do "Gdiplus::REAL", możliwa utrata danych
C:\Users\sophi\Desktop\materiały\rok1\pop\projekt 4\projekt 4\projekt4.cpp(587,65): warning C4244: "argument": konwersja z "int" do "Gdiplus::REAL", możliwa utrata danych
C:\Users\sophi\Desktop\materiały\rok1\pop\projekt 4\projekt 4\projekt4.cpp(587,30): warning C4244: "argument": konwersja z "int" do "Gdiplus::REAL", możliwa utrata danych
C:\Users\sophi\Desktop\materiały\rok1\pop\projekt 4\projekt 4\projekt4.cpp(588,68): warning C4244: "argument": konwersja z "int" do "Gdiplus::REAL", możliwa utrata danych
C:\Users\sophi\Desktop\materiały\rok1\pop\projekt 4\projekt 4\projekt4.cpp(588,30): warning C4244: "argument": konwersja z "int" do "Gdiplus::REAL", możliwa utrata danych
C:\Users\sophi\Desktop\materiały\rok1\pop\projekt 4\projekt 4\projekt4.cpp(589,46): warning C4244: "argument": konwersja z "int" do "Gdiplus::REAL", możliwa utrata danych
C:\Users\sophi\Desktop\materiały\rok1\pop\projekt 4\projekt 4\projekt4.cpp(589,27): warning C4244: "argument": konwersja z "int" do "Gdiplus::REAL", możliwa utrata danych
C:\Users\sophi\Desktop\materiały\rok1\pop\projekt 4\projekt 4\projekt4.cpp(853,3): warning C4060: instrukcja switch zawiera etykiety "case" lub "default"
  projekt 4.vcxproj -> C:\Users\sophi\Desktop\materiały\rok1\pop\projekt 4\Debug\projekt 4.exe
